{"/Users/federicobucchi/Desktop/browserStitial/spec/browserstitial.js":{"path":"/Users/federicobucchi/Desktop/browserStitial/spec/browserstitial.js","s":{"1":1,"2":0,"3":0,"4":0,"5":0,"6":0,"7":0,"8":0,"9":0,"10":0,"11":0,"12":0,"13":0,"14":0,"15":0,"16":0,"17":0,"18":0,"19":0,"20":0,"21":0,"22":0,"23":0},"b":{},"f":{"1":0,"2":0,"3":0,"4":0,"5":0,"6":0,"7":0,"8":0,"9":0},"fnMap":{"1":{"name":"(anonymous_1)","line":1,"loc":{"start":{"line":1,"column":27},"end":{"line":1,"column":38}}},"2":{"name":"(anonymous_2)","line":3,"loc":{"start":{"line":3,"column":33},"end":{"line":3,"column":44}}},"3":{"name":"(anonymous_3)","line":5,"loc":{"start":{"line":5,"column":32},"end":{"line":5,"column":43}}},"4":{"name":"(anonymous_4)","line":13,"loc":{"start":{"line":13,"column":47},"end":{"line":13,"column":58}}},"5":{"name":"(anonymous_5)","line":28,"loc":{"start":{"line":28,"column":28},"end":{"line":28,"column":39}}},"6":{"name":"(anonymous_6)","line":34,"loc":{"start":{"line":34,"column":28},"end":{"line":34,"column":39}}},"7":{"name":"(anonymous_7)","line":40,"loc":{"start":{"line":40,"column":47},"end":{"line":40,"column":58}}},"8":{"name":"(anonymous_8)","line":49,"loc":{"start":{"line":49,"column":36},"end":{"line":49,"column":47}}},"9":{"name":"(anonymous_9)","line":66,"loc":{"start":{"line":66,"column":44},"end":{"line":66,"column":55}}}},"statementMap":{"1":{"start":{"line":1,"column":0},"end":{"line":75,"column":3}},"2":{"start":{"line":3,"column":2},"end":{"line":11,"column":5}},"3":{"start":{"line":5,"column":4},"end":{"line":9,"column":7}},"4":{"start":{"line":7,"column":6},"end":{"line":7,"column":43}},"5":{"start":{"line":13,"column":2},"end":{"line":47,"column":5}},"6":{"start":{"line":14,"column":4},"end":{"line":14,"column":22}},"7":{"start":{"line":15,"column":4},"end":{"line":26,"column":4}},"8":{"start":{"line":26,"column":4},"end":{"line":26,"column":45}},"9":{"start":{"line":28,"column":4},"end":{"line":32,"column":7}},"10":{"start":{"line":30,"column":6},"end":{"line":30,"column":35}},"11":{"start":{"line":34,"column":4},"end":{"line":38,"column":7}},"12":{"start":{"line":36,"column":6},"end":{"line":36,"column":33}},"13":{"start":{"line":40,"column":4},"end":{"line":45,"column":7}},"14":{"start":{"line":41,"column":6},"end":{"line":41,"column":57}},"15":{"start":{"line":43,"column":6},"end":{"line":43,"column":33}},"16":{"start":{"line":49,"column":2},"end":{"line":73,"column":5}},"17":{"start":{"line":50,"column":4},"end":{"line":50,"column":22}},"18":{"start":{"line":51,"column":4},"end":{"line":62,"column":4}},"19":{"start":{"line":62,"column":4},"end":{"line":62,"column":45}},"20":{"start":{"line":64,"column":4},"end":{"line":64,"column":31}},"21":{"start":{"line":66,"column":4},"end":{"line":71,"column":7}},"22":{"start":{"line":67,"column":6},"end":{"line":67,"column":57}},"23":{"start":{"line":69,"column":6},"end":{"line":69,"column":30}}},"branchMap":{}}}